<?xml version="1.0" encoding="UTF-8"?>
<testsuite name="io.github.makingthematrix.snakelibgdx.ModelsSuite" tests="14" skipped="0" failures="0" errors="0" timestamp="2025-08-12T12:56:14.602Z" hostname="PL-UNIT-0078" time="0.025">
  <properties/>
  <testcase name="Tile enum should have all expected cases" classname="io.github.makingthematrix.snakelibgdx.ModelsSuite" time="0.016"/>
  <testcase name="Tile enum cases should be distinct" classname="io.github.makingthematrix.snakelibgdx.ModelsSuite" time="0.001"/>
  <testcase name="Token should be created with tile and position" classname="io.github.makingthematrix.snakelibgdx.ModelsSuite" time="0.001"/>
  <testcase name="Token should handle different tile types" classname="io.github.makingthematrix.snakelibgdx.ModelsSuite" time="0.001"/>
  <testcase name="Token should handle different positions" classname="io.github.makingthematrix.snakelibgdx.ModelsSuite" time="0.0"/>
  <testcase name="Snake should be created with a list of tokens" classname="io.github.makingthematrix.snakelibgdx.ModelsSuite" time="0.001"/>
  <testcase name="Snake should handle empty token list" classname="io.github.makingthematrix.snakelibgdx.ModelsSuite" time="0.001"/>
  <testcase name="Board should be created with size and coins" classname="io.github.makingthematrix.snakelibgdx.ModelsSuite" time="0.001"/>
  <testcase name="Board.coinsPositions should return the coins list" classname="io.github.makingthematrix.snakelibgdx.ModelsSuite" time="0.0"/>
  <testcase name="Board should handle empty coins list" classname="io.github.makingthematrix.snakelibgdx.ModelsSuite" time="0.0"/>
  <testcase name="Board companion object apply should create board with empty coins" classname="io.github.makingthematrix.snakelibgdx.ModelsSuite" time="0.0"/>
  <testcase name="Board companion object apply should work with different sizes" classname="io.github.makingthematrix.snakelibgdx.ModelsSuite" time="0.001"/>
  <testcase name="Board should handle zero size" classname="io.github.makingthematrix.snakelibgdx.ModelsSuite" time="0.0"/>
  <testcase name="Multiple boards should be independent" classname="io.github.makingthematrix.snakelibgdx.ModelsSuite" time="0.001"/>
  <system-out><![CDATA[]]></system-out>
  <system-err><![CDATA[]]></system-err>
</testsuite>
