<?xml version="1.0" encoding="UTF-8"?>
<testsuite name="io.github.makingthematrix.snakelibgdx.ModelsSuite" tests="16" skipped="0" failures="0" errors="0" timestamp="2025-08-13T09:41:10.595Z" hostname="PL-UNIT-0078" time="0.041">
  <properties/>
  <testcase name="Board should be created with size and coins" classname="io.github.makingthematrix.snakelibgdx.ModelsSuite" time="0.019"/>
  <testcase name="Board.coinsPositions should return the coins list" classname="io.github.makingthematrix.snakelibgdx.ModelsSuite" time="0.001"/>
  <testcase name="Board should handle empty coins list" classname="io.github.makingthematrix.snakelibgdx.ModelsSuite" time="0.0"/>
  <testcase name="Board companion object apply should create board with empty coins" classname="io.github.makingthematrix.snakelibgdx.ModelsSuite" time="0.0"/>
  <testcase name="Board companion object apply should work with different sizes" classname="io.github.makingthematrix.snakelibgdx.ModelsSuite" time="0.001"/>
  <testcase name="Board should handle zero size" classname="io.github.makingthematrix.snakelibgdx.ModelsSuite" time="0.0"/>
  <testcase name="Multiple boards should be independent" classname="io.github.makingthematrix.snakelibgdx.ModelsSuite" time="0.001"/>
  <testcase name="Board getEmptyTilePositions should return all positions when board is empty" classname="io.github.makingthematrix.snakelibgdx.ModelsSuite" time="0.004"/>
  <testcase name="Board getEmptyTilePositions should exclude snake body positions" classname="io.github.makingthematrix.snakelibgdx.ModelsSuite" time="0.003"/>
  <testcase name="Board getEmptyTilePositions should exclude coin positions" classname="io.github.makingthematrix.snakelibgdx.ModelsSuite" time="0.002"/>
  <testcase name="Board getEmptyTilePositions should exclude both snake and coin positions" classname="io.github.makingthematrix.snakelibgdx.ModelsSuite" time="0.002"/>
  <testcase name="Board getEmptyTilePositions should return empty list when board is full" classname="io.github.makingthematrix.snakelibgdx.ModelsSuite" time="0.002"/>
  <testcase name="Board addCoin should add coin to empty position" classname="io.github.makingthematrix.snakelibgdx.ModelsSuite" time="0.0"/>
  <testcase name="Board addCoin should not add coin to position with existing coin" classname="io.github.makingthematrix.snakelibgdx.ModelsSuite" time="0.001"/>
  <testcase name="Board addCoin should not add coin to position with snake body" classname="io.github.makingthematrix.snakelibgdx.ModelsSuite" time="0.001"/>
  <testcase name="Board addCoin should successfully add multiple coins to different positions" classname="io.github.makingthematrix.snakelibgdx.ModelsSuite" time="0.002"/>
  <system-out><![CDATA[]]></system-out>
  <system-err><![CDATA[]]></system-err>
</testsuite>
